<?xml version="1.0" encoding="UTF-8"?>
<!-- Generated by org.testng.reporters.JUnitXMLReporter -->
<testsuite hostname="DESKTOP-BOHMKHG" ignored="3" name="car loan" tests="2" failures="0" timestamp="19 Mar 2020 05:30:31 GMT" time="0.074" errors="0">
  <testcase name="LoginAPIcarloan" time="0.012" classname="test.Day4"/>
  <testcase name="weblogincarloan" time="0.004" classname="test.Day4"/>
  <testcase name="Mobileloginmcarloan" time="0.0" classname="test.Day4">
    <ignored/>
  </testcase> <!-- Mobileloginmcarloan -->
  <testcase name="Mobilelogincarloan" time="0.0" classname="test.Day4">
    <ignored/>
  </testcase> <!-- Mobilelogincarloan -->
  <testcase name="Mobilesignoutmcarloan" time="0.0" classname="test.Day4">
    <ignored/>
  </testcase> <!-- Mobilesignoutmcarloan -->
</testsuite> <!-- car loan -->
