<?xml version="1.0" encoding="UTF-8"?>
<!-- Generated by org.testng.reporters.JUnitXMLReporter -->
<testsuite hostname="DESKTOP-BOHMKHG" ignored="1" name="Personalloan" tests="5" failures="0" timestamp="19 Mar 2020 05:30:31 GMT" time="0.108" errors="0">
  <testcase name="Demo" time="0.01" classname="test.Tng1"/>
  <testcase name="ploan" time="0.016" classname="test.Day2"/>
  <testcase name="LoginAPIhomeloan" time="0.004" classname="test.Day3"/>
  <testcase name="Mobileloginhomeloan" time="0.005" classname="test.Day3"/>
  <testcase name="webloginHomeloan" time="0.009" classname="test.Day3"/>
  <testcase name="secondTest" time="0.0" classname="test.Tng1">
    <ignored/>
  </testcase> <!-- secondTest -->
</testsuite> <!-- Personalloan -->
