<?xml version="1.0" encoding="UTF-8"?>
<!-- Generated by org.testng.reporters.JUnitXMLReporter -->
<testsuite hostname="DESKTOP-BOHMKHG" ignored="3" name="Regression" tests="8" failures="0" timestamp="17 Mar 2020 05:44:11 GMT" time="0.107" errors="0">
  <testcase name="Demo" time="0.01" classname="test.Tng1"/>
  <testcase name="LoginAPIhomeloan" time="0.005" classname="test.Day3"/>
  <testcase name="webloginHomeloan" time="0.004" classname="test.Day3"/>
  <testcase name="LoginAPIcarloan" time="0.0" classname="test.Day4"/>
  <testcase name="Mobilelogincarloan" time="0.001" classname="test.Day4"/>
  <testcase name="Mobileloginmcarloan" time="0.003" classname="test.Day4"/>
  <testcase name="Mobilesignoutmcarloan" time="0.004" classname="test.Day4"/>
  <testcase name="weblogincarloan" time="0.001" classname="test.Day4"/>
  <testcase name="secondTest" time="0.0" classname="test.Tng1">
    <ignored/>
  </testcase> <!-- secondTest -->
  <testcase name="Mobileloginhomeloan" time="0.0" classname="test.Day3">
    <ignored/>
  </testcase> <!-- Mobileloginhomeloan -->
  <testcase name="ploan" time="0.0" classname="test.Day2">
    <ignored/>
  </testcase> <!-- ploan -->
</testsuite> <!-- Regression -->
