<?xml version="1.0" encoding="UTF-8"?>
<!-- Generated by org.testng.reporters.JUnitXMLReporter -->
<testsuite hostname="DESKTOP-BOHMKHG" ignored="1" name="Default test" tests="6" failures="0" timestamp="18 Mar 2020 05:06:42 GMT" time="0.121" errors="0">
  <testcase name="LoginAPIcarloan" time="0.011" classname="test.Day4"/>
  <testcase name="Mobilelogincarloan" time="0.004" classname="test.Day4"/>
  <testcase name="Mobilesignoutmcarloan" time="0.003" classname="test.Day4"/>
  <testcase name="Mobilesignoutmcarloan" time="0.002" classname="test.Day4"/>
  <testcase name="Mobilesignoutmcarloan" time="0.007" classname="test.Day4"/>
  <testcase name="weblogincarloan" time="0.004" classname="test.Day4"/>
  <testcase name="Mobileloginmcarloan" time="0.0" classname="test.Day4">
    <ignored/>
  </testcase> <!-- Mobileloginmcarloan -->
</testsuite> <!-- Default test -->
